<?xml version="1.0" encoding="UTF-8"?>
<!-- Generated by org.testng.reporters.JUnitReportReporter -->
<testsuite skipped="0" hostname="QAP14-PC" name="hrmtestngg.hrmtc3" tests="5" failures="0" timestamp="27 May 2019 13:47:41 GMT" time="40.480" errors="0">
  <testcase name="aDD" time="0.307" classname="hrmtestngg.hrmtc3"/>
  <testcase name="Admin" time="1.671" classname="hrmtestngg.hrmtc3"/>
  <testcase name="enterdetails" time="1.064" classname="hrmtestngg.hrmtc3"/>
  <testcase name="edithrm" time="10.107" classname="hrmtestngg.hrmtc3"/>
  <testcase name="loginhrm" time="27.331" classname="hrmtestngg.hrmtc3"/>
</testsuite> <!-- hrmtestngg.hrmtc3 -->
