<?xml version="1.0" encoding="UTF-8"?>
<!-- Generated by org.testng.reporters.JUnitReportReporter -->
<testsuite skipped="0" hostname="QAP14-PC" name="hrmtestngg.hrmtc1" tests="1" failures="0" timestamp="27 May 2019 12:35:42 GMT" time="4.179" errors="0">
  <testcase name="loginhrm" time="4.179" classname="hrmtestngg.hrmtc1"/>
</testsuite> <!-- hrmtestngg.hrmtc1 -->
